2025-09-18 12:13:01.071381 [INFO] totals obtained: name: TOTAL, commits: 6, insertions: 1540, deletions: 114, lines: 1654, files: 41
2025-09-18 12:13:01.068946 [INFO] Getting totals stats
2025-09-18 12:13:01.065852 [INFO] Stats obtained: {'commits': 5, 'insertions': 1420, 'deletions': 2, 'lines': 1422, 'files': 28}
2025-09-18 12:13:00.325652 [INFO] Getting author stats for i-cassi
2025-09-18 12:13:00.321735 [INFO] Stats obtained: {'commits': 1, 'insertions': 120, 'deletions': 112, 'lines': 232, 'files': 13}
2025-09-18 12:13:00.049894 [INFO] Getting author stats for Alisson Peres
2025-09-18 12:13:00.045665 [INFO] Stats list: {'Alisson Peres', 'i-cassi', 'Alberto Dallagiacoma', 'Davender Singh Dhillon', 'ldamico7', 'Marco Alessi', 'Marco De Vita', 'Davide Manuto', 'rporcari', 'ianselmi', 'Silvia Balzani', 'Dennis Turco', 'DennisTurco', 'Andrea Chiastra', 'Antoine Aubry', 'Luca Bersiga', 'TFVC Import', 'Gabriel Devoto', 'Roberto Isca', 'Matteo Marenghi', 'Davirap', 'Ruggero Ghelfi', 'Davide Grasselli', 'Thom', 'Ivan Anselmi'}
2025-09-18 12:12:59.607441 [INFO] Getting authors list
2025-09-18 12:12:59.601757 [INFO] Program started
2025-09-18 11:46:40.263497 [INFO] totals obtained: name: TOTAL, commits: 1482, insertions: 6749380, deletions: 2842752, lines: 9592132, files: 42980
2025-09-18 11:46:40.261133 [INFO] Getting totals stats
2025-09-18 11:46:40.258017 [INFO] Stats obtained: {'commits': 120, 'insertions': 91189, 'deletions': 90414, 'lines': 181603, 'files': 1697}
2025-09-18 11:46:25.307480 [INFO] Getting author stats for Antoine Aubry
2025-09-18 11:46:25.303514 [INFO] Stats obtained: {'commits': 4, 'insertions': 388, 'deletions': 123, 'lines': 511, 'files': 6}
2025-09-18 11:46:24.530929 [INFO] Getting author stats for Luca Bersiga
2025-09-18 11:46:24.527420 [INFO] Stats obtained: {'commits': 202, 'insertions': 619030, 'deletions': 19513, 'lines': 638543, 'files': 1585}
2025-09-18 11:45:58.417386 [INFO] Getting author stats for Dennis Turco
2025-09-18 11:45:58.414634 [INFO] Stats obtained: {'commits': 18, 'insertions': 2219, 'deletions': 302, 'lines': 2521, 'files': 138}
2025-09-18 11:45:56.035233 [INFO] Getting author stats for Davide Grasselli
2025-09-18 11:45:56.031946 [INFO] Stats obtained: {'commits': 50, 'insertions': 2703448, 'deletions': 2160615, 'lines': 4864063, 'files': 22970}
2025-09-18 11:45:47.211849 [INFO] Getting author stats for Alberto Dallagiacoma
2025-09-18 11:45:47.208672 [INFO] Stats obtained: {'commits': 1, 'insertions': 94, 'deletions': 61, 'lines': 155, 'files': 2}
2025-09-18 11:45:46.948879 [INFO] Getting author stats for Thom
2025-09-18 11:45:46.944906 [INFO] Stats obtained: {'commits': 4, 'insertions': 627, 'deletions': 207, 'lines': 834, 'files': 49}
2025-09-18 11:45:46.303487 [INFO] Getting author stats for Ivan Anselmi
2025-09-18 11:45:46.298688 [INFO] Stats obtained: {'commits': 3, 'insertions': 6159, 'deletions': 2922, 'lines': 9081, 'files': 16}
2025-09-18 11:45:45.800118 [INFO] Getting author stats for rporcari
2025-09-18 11:45:45.795864 [INFO] Stats obtained: {'commits': 23, 'insertions': 6903, 'deletions': 2814, 'lines': 9717, 'files': 372}
2025-09-18 11:45:42.493418 [INFO] Getting author stats for Davide Manuto
2025-09-18 11:45:42.488807 [INFO] Stats obtained: {'commits': 2, 'insertions': 738, 'deletions': 74, 'lines': 812, 'files': 47}
2025-09-18 11:45:42.102895 [INFO] Getting author stats for Davender Singh Dhillon
2025-09-18 11:45:42.099026 [INFO] Stats obtained: {'commits': 490, 'insertions': 257419, 'deletions': 191661, 'lines': 449080, 'files': 3648}
2025-09-18 11:44:37.593143 [INFO] Getting author stats for Andrea Chiastra
2025-09-18 11:44:37.588359 [INFO] Stats obtained: {'commits': 1, 'insertions': 1027, 'deletions': 38, 'lines': 1065, 'files': 64}
2025-09-18 11:44:37.298396 [INFO] Getting author stats for Ruggero Ghelfi
2025-09-18 11:44:37.295318 [INFO] Stats obtained: {'commits': 53, 'insertions': 40700, 'deletions': 29628, 'lines': 70328, 'files': 895}
2025-09-18 11:44:29.690004 [INFO] Getting author stats for Matteo Marenghi
2025-09-18 11:44:29.685656 [INFO] Stats obtained: {'commits': 18, 'insertions': 18440, 'deletions': 411, 'lines': 18851, 'files': 231}
2025-09-18 11:44:27.097710 [INFO] Getting author stats for Silvia Balzani
2025-09-18 11:44:27.093636 [INFO] Stats obtained: {'commits': 19, 'insertions': 1141, 'deletions': 517, 'lines': 1658, 'files': 79}
2025-09-18 11:44:24.445123 [INFO] Getting author stats for ianselmi
2025-09-18 11:44:24.440780 [INFO] Stats obtained: {'commits': 9, 'insertions': 1979611, 'deletions': 0, 'lines': 1979611, 'files': 6414}
2025-09-18 11:44:22.266840 [INFO] Getting author stats for TFVC Import
2025-09-18 11:44:22.263815 [INFO] Stats obtained: {'commits': 100, 'insertions': 28192, 'deletions': 3059, 'lines': 31251, 'files': 612}
2025-09-18 11:44:09.467693 [INFO] Getting author stats for ldamico7
2025-09-18 11:44:09.465036 [INFO] Stats obtained: {'commits': 24, 'insertions': 23381, 'deletions': 621, 'lines': 24002, 'files': 157}
2025-09-18 11:44:06.272210 [INFO] Getting author stats for Roberto Isca
2025-09-18 11:44:06.267843 [INFO] Stats obtained: {'commits': 1, 'insertions': 2319, 'deletions': 20, 'lines': 2339, 'files': 32}
2025-09-18 11:44:05.907062 [INFO] Getting author stats for Gabriel Devoto
2025-09-18 11:44:05.902538 [INFO] Stats obtained: {'commits': 32, 'insertions': 139559, 'deletions': 78700, 'lines': 218259, 'files': 821}
2025-09-18 11:44:01.172878 [INFO] Getting author stats for Marco Alessi
2025-09-18 11:44:01.168748 [INFO] Stats obtained: {'commits': 31, 'insertions': 10821, 'deletions': 2889, 'lines': 13710, 'files': 200}
2025-09-18 11:43:56.791939 [INFO] Getting author stats for Davirap
2025-09-18 11:43:56.787401 [INFO] Stats obtained: {'commits': 1, 'insertions': 120, 'deletions': 112, 'lines': 232, 'files': 13}
2025-09-18 11:43:56.508562 [INFO] Getting author stats for Alisson Peres
2025-09-18 11:43:56.503967 [INFO] Stats obtained: {'commits': 265, 'insertions': 813831, 'deletions': 257605, 'lines': 1071436, 'files': 2890}
2025-09-18 11:43:24.393149 [INFO] Getting author stats for DennisTurco
2025-09-18 11:43:24.389897 [INFO] Stats obtained: {'commits': 6, 'insertions': 604, 'deletions': 444, 'lines': 1048, 'files': 14}
2025-09-18 11:43:23.604169 [INFO] Getting author stats for Marco De Vita
2025-09-18 11:43:23.601242 [INFO] Stats obtained: {'commits': 5, 'insertions': 1420, 'deletions': 2, 'lines': 1422, 'files': 28}
2025-09-18 11:43:22.928700 [INFO] Getting author stats for i-cassi
2025-09-18 11:43:22.925875 [INFO] Author list: {'i-cassi', 'Marco De Vita', 'DennisTurco', 'Alisson Peres', 'Davirap', 'Marco Alessi', 'Gabriel Devoto', 'Roberto Isca', 'ldamico7', 'TFVC Import', 'ianselmi', 'Silvia Balzani', 'Matteo Marenghi', 'Ruggero Ghelfi', 'Andrea Chiastra', 'Davender Singh Dhillon', 'Davide Manuto', 'rporcari', 'Ivan Anselmi', 'Thom', 'Alberto Dallagiacoma', 'Davide Grasselli', 'Dennis Turco', 'Luca Bersiga', 'Antoine Aubry'}
2025-09-18 11:43:22.478561 [INFO] Getting authors list
2025-09-18 11:43:22.473015 [INFO] Program started
2025-09-18 11:41:12.998353 [INFO] totals obtained: name: TOTAL, commits: 1482, insertions: 6749380, deletions: 2842752, lines: 9592132, files: 42980
2025-09-18 11:41:12.993378 [INFO] Getting totals stats
2025-09-18 11:41:12.987397 [INFO] Stats obtained: {'commits': 53, 'insertions': 40700, 'deletions': 29628, 'lines': 70328, 'files': 895}
2025-09-18 11:41:06.449204 [INFO] Getting author stats for Matteo Marenghi
2025-09-18 11:41:06.443431 [INFO] Stats obtained: {'commits': 31, 'insertions': 10821, 'deletions': 2889, 'lines': 13710, 'files': 200}
2025-09-18 11:41:02.523688 [INFO] Getting author stats for Davirap
2025-09-18 11:41:02.518738 [INFO] Stats obtained: {'commits': 5, 'insertions': 1420, 'deletions': 2, 'lines': 1422, 'files': 28}
2025-09-18 11:41:01.832850 [INFO] Getting author stats for i-cassi
2025-09-18 11:41:01.829400 [INFO] Stats obtained: {'commits': 50, 'insertions': 2703448, 'deletions': 2160615, 'lines': 4864063, 'files': 22970}
2025-09-18 11:40:52.180670 [INFO] Getting author stats for Alberto Dallagiacoma
2025-09-18 11:40:52.176454 [INFO] Stats obtained: {'commits': 3, 'insertions': 6159, 'deletions': 2922, 'lines': 9081, 'files': 16}
2025-09-18 11:40:51.677530 [INFO] Getting author stats for rporcari
2025-09-18 11:40:51.674050 [INFO] Stats obtained: {'commits': 100, 'insertions': 28192, 'deletions': 3059, 'lines': 31251, 'files': 612}
2025-09-18 11:40:38.931916 [INFO] Getting author stats for ldamico7
2025-09-18 11:40:38.928156 [INFO] Stats obtained: {'commits': 2, 'insertions': 738, 'deletions': 74, 'lines': 812, 'files': 47}
2025-09-18 11:40:38.499163 [INFO] Getting author stats for Davender Singh Dhillon
2025-09-18 11:40:38.495449 [INFO] Stats obtained: {'commits': 18, 'insertions': 18440, 'deletions': 411, 'lines': 18851, 'files': 231}
2025-09-18 11:40:36.082465 [INFO] Getting author stats for Silvia Balzani
2025-09-18 11:40:36.079524 [INFO] Stats obtained: {'commits': 24, 'insertions': 23381, 'deletions': 621, 'lines': 24002, 'files': 157}
2025-09-18 11:40:33.099321 [INFO] Getting author stats for Roberto Isca
2025-09-18 11:40:33.095685 [INFO] Stats obtained: {'commits': 1, 'insertions': 2319, 'deletions': 20, 'lines': 2339, 'files': 32}
2025-09-18 11:40:32.817981 [INFO] Getting author stats for Gabriel Devoto
2025-09-18 11:40:32.814593 [INFO] Stats obtained: {'commits': 18, 'insertions': 2219, 'deletions': 302, 'lines': 2521, 'files': 138}
2025-09-18 11:40:30.406862 [INFO] Getting author stats for Davide Grasselli
2025-09-18 11:40:30.402456 [INFO] Stats obtained: {'commits': 4, 'insertions': 388, 'deletions': 123, 'lines': 511, 'files': 6}
2025-09-18 11:40:29.753393 [INFO] Getting author stats for Luca Bersiga
2025-09-18 11:40:29.749122 [INFO] Stats obtained: {'commits': 1, 'insertions': 120, 'deletions': 112, 'lines': 232, 'files': 13}
2025-09-18 11:40:29.477444 [INFO] Getting author stats for Alisson Peres
2025-09-18 11:40:29.472989 [INFO] Stats obtained: {'commits': 265, 'insertions': 813831, 'deletions': 257605, 'lines': 1071436, 'files': 2890}
2025-09-18 11:39:54.506372 [INFO] Getting author stats for DennisTurco
2025-09-18 11:39:54.501725 [INFO] Stats obtained: {'commits': 1, 'insertions': 1027, 'deletions': 38, 'lines': 1065, 'files': 64}
2025-09-18 11:39:54.220651 [INFO] Getting author stats for Ruggero Ghelfi
2025-09-18 11:39:54.215982 [INFO] Stats obtained: {'commits': 4, 'insertions': 627, 'deletions': 207, 'lines': 834, 'files': 49}
2025-09-18 11:39:53.614684 [INFO] Getting author stats for Ivan Anselmi
2025-09-18 11:39:53.612130 [INFO] Stats obtained: {'commits': 32, 'insertions': 139559, 'deletions': 78700, 'lines': 218259, 'files': 821}
2025-09-18 11:39:49.131397 [INFO] Getting author stats for Marco Alessi
2025-09-18 11:39:49.127604 [INFO] Stats obtained: {'commits': 490, 'insertions': 257419, 'deletions': 191661, 'lines': 449080, 'files': 3648}
2025-09-18 11:38:52.129733 [INFO] Getting author stats for Andrea Chiastra
2025-09-18 11:38:52.125387 [INFO] Stats obtained: {'commits': 19, 'insertions': 1141, 'deletions': 517, 'lines': 1658, 'files': 79}
2025-09-18 11:38:49.776065 [INFO] Getting author stats for ianselmi
2025-09-18 11:38:49.772526 [INFO] Stats obtained: {'commits': 23, 'insertions': 6903, 'deletions': 2814, 'lines': 9717, 'files': 372}
2025-09-18 11:38:46.921010 [INFO] Getting author stats for Davide Manuto
2025-09-18 11:38:46.917707 [INFO] Stats obtained: {'commits': 1, 'insertions': 94, 'deletions': 61, 'lines': 155, 'files': 2}
2025-09-18 11:38:46.648212 [INFO] Getting author stats for Thom
2025-09-18 11:38:46.645456 [INFO] Stats obtained: {'commits': 202, 'insertions': 619030, 'deletions': 19513, 'lines': 638543, 'files': 1585}
2025-09-18 11:38:24.102629 [INFO] Getting author stats for Dennis Turco
2025-09-18 11:38:24.098792 [INFO] Stats obtained: {'commits': 120, 'insertions': 91189, 'deletions': 90414, 'lines': 181603, 'files': 1697}
2025-09-18 11:38:09.777875 [INFO] Getting author stats for Antoine Aubry
2025-09-18 11:38:09.775438 [INFO] Stats obtained: {'commits': 9, 'insertions': 1979611, 'deletions': 0, 'lines': 1979611, 'files': 6414}
2025-09-18 11:38:07.765019 [INFO] Getting author stats for TFVC Import
2025-09-18 11:38:07.761331 [INFO] Stats obtained: {'commits': 6, 'insertions': 604, 'deletions': 444, 'lines': 1048, 'files': 14}
2025-09-18 11:38:06.907145 [INFO] Getting author stats for Marco De Vita
2025-09-18 11:38:06.904570 [INFO] Author list: {'Marco De Vita', 'TFVC Import', 'Antoine Aubry', 'Dennis Turco', 'Thom', 'Davide Manuto', 'ianselmi', 'Andrea Chiastra', 'Marco Alessi', 'Ivan Anselmi', 'Ruggero Ghelfi', 'DennisTurco', 'Alisson Peres', 'Luca Bersiga', 'Davide Grasselli', 'Gabriel Devoto', 'Roberto Isca', 'Silvia Balzani', 'Davender Singh Dhillon', 'ldamico7', 'rporcari', 'Alberto Dallagiacoma', 'i-cassi', 'Davirap', 'Matteo Marenghi'}
2025-09-18 11:38:06.507458 [INFO] Getting authors list
2025-09-18 11:38:06.504175 [INFO] Program started
2025-09-18 11:35:44.936471 [INFO] totals obtained: name: TOTAL, commits: 1482, insertions: 6749380, deletions: 2842752, lines: 9592132, files: 42980
2025-09-18 11:35:44.933244 [INFO] Getting totals stats
2025-09-18 11:35:44.928500 [INFO] Stats obtained: {'commits': 4, 'insertions': 627, 'deletions': 207, 'lines': 834, 'files': 49}
2025-09-18 11:35:44.244155 [INFO] Getting author stats for Ivan Anselmi
2025-09-18 11:35:44.238965 [INFO] Stats obtained: {'commits': 18, 'insertions': 18440, 'deletions': 411, 'lines': 18851, 'files': 231}
2025-09-18 11:35:41.520025 [INFO] Getting author stats for Silvia Balzani
2025-09-18 11:35:41.517390 [INFO] Stats obtained: {'commits': 100, 'insertions': 28192, 'deletions': 3059, 'lines': 31251, 'files': 612}
2025-09-18 11:35:27.142350 [INFO] Getting author stats for ldamico7
2025-09-18 11:35:27.139366 [INFO] Stats obtained: {'commits': 6, 'insertions': 604, 'deletions': 444, 'lines': 1048, 'files': 14}
2025-09-18 11:35:26.294249 [INFO] Getting author stats for Marco De Vita
2025-09-18 11:35:26.291839 [INFO] Stats obtained: {'commits': 53, 'insertions': 40700, 'deletions': 29628, 'lines': 70328, 'files': 895}
2025-09-18 11:35:19.652765 [INFO] Getting author stats for Matteo Marenghi
2025-09-18 11:35:19.649826 [INFO] Stats obtained: {'commits': 202, 'insertions': 619030, 'deletions': 19513, 'lines': 638543, 'files': 1585}
2025-09-18 11:34:52.745096 [INFO] Getting author stats for Dennis Turco
2025-09-18 11:34:52.741207 [INFO] Stats obtained: {'commits': 1, 'insertions': 94, 'deletions': 61, 'lines': 155, 'files': 2}
2025-09-18 11:34:52.477149 [INFO] Getting author stats for Thom
2025-09-18 11:34:52.473006 [INFO] Stats obtained: {'commits': 265, 'insertions': 813831, 'deletions': 257605, 'lines': 1071436, 'files': 2890}
2025-09-18 11:34:17.685743 [INFO] Getting author stats for DennisTurco
2025-09-18 11:34:17.682853 [INFO] Stats obtained: {'commits': 50, 'insertions': 2703448, 'deletions': 2160615, 'lines': 4864063, 'files': 22970}
2025-09-18 11:34:09.117360 [INFO] Getting author stats for Alberto Dallagiacoma
2025-09-18 11:34:09.113284 [INFO] Stats obtained: {'commits': 120, 'insertions': 91189, 'deletions': 90414, 'lines': 181603, 'files': 1697}
2025-09-18 11:33:53.456714 [INFO] Getting author stats for Antoine Aubry
2025-09-18 11:33:53.452718 [INFO] Stats obtained: {'commits': 18, 'insertions': 2219, 'deletions': 302, 'lines': 2521, 'files': 138}
2025-09-18 11:33:51.123726 [INFO] Getting author stats for Davide Grasselli
2025-09-18 11:33:51.120465 [INFO] Stats obtained: {'commits': 1, 'insertions': 1027, 'deletions': 38, 'lines': 1065, 'files': 64}
2025-09-18 11:33:50.844967 [INFO] Getting author stats for Ruggero Ghelfi
2025-09-18 11:33:50.841824 [INFO] Stats obtained: {'commits': 1, 'insertions': 2319, 'deletions': 20, 'lines': 2339, 'files': 32}
2025-09-18 11:33:50.560260 [INFO] Getting author stats for Gabriel Devoto
2025-09-18 11:33:50.555257 [INFO] Stats obtained: {'commits': 31, 'insertions': 10821, 'deletions': 2889, 'lines': 13710, 'files': 200}
2025-09-18 11:33:46.476965 [INFO] Getting author stats for Davirap
2025-09-18 11:33:46.473698 [INFO] Stats obtained: {'commits': 4, 'insertions': 388, 'deletions': 123, 'lines': 511, 'files': 6}
2025-09-18 11:33:45.906045 [INFO] Getting author stats for Luca Bersiga
2025-09-18 11:33:45.901410 [INFO] Stats obtained: {'commits': 32, 'insertions': 139559, 'deletions': 78700, 'lines': 218259, 'files': 821}
2025-09-18 11:33:41.545236 [INFO] Getting author stats for Marco Alessi
2025-09-18 11:33:41.542245 [INFO] Stats obtained: {'commits': 9, 'insertions': 1979611, 'deletions': 0, 'lines': 1979611, 'files': 6414}
2025-09-18 11:33:39.533932 [INFO] Getting author stats for TFVC Import
2025-09-18 11:33:39.528456 [INFO] Stats obtained: {'commits': 3, 'insertions': 6159, 'deletions': 2922, 'lines': 9081, 'files': 16}
2025-09-18 11:33:39.043996 [INFO] Getting author stats for rporcari
2025-09-18 11:33:39.041492 [INFO] Stats obtained: {'commits': 23, 'insertions': 6903, 'deletions': 2814, 'lines': 9717, 'files': 372}
2025-09-18 11:33:36.059154 [INFO] Getting author stats for Davide Manuto
2025-09-18 11:33:36.056280 [INFO] Stats obtained: {'commits': 2, 'insertions': 738, 'deletions': 74, 'lines': 812, 'files': 47}
2025-09-18 11:33:35.662268 [INFO] Getting author stats for Davender Singh Dhillon
2025-09-18 11:33:35.659653 [INFO] Stats obtained: {'commits': 24, 'insertions': 23381, 'deletions': 621, 'lines': 24002, 'files': 157}
2025-09-18 11:33:32.667672 [INFO] Getting author stats for Roberto Isca
2025-09-18 11:33:32.664755 [INFO] Stats obtained: {'commits': 19, 'insertions': 1141, 'deletions': 517, 'lines': 1658, 'files': 79}
2025-09-18 11:33:30.144730 [INFO] Getting author stats for ianselmi
2025-09-18 11:33:30.141718 [INFO] Stats obtained: {'commits': 1, 'insertions': 120, 'deletions': 112, 'lines': 232, 'files': 13}
2025-09-18 11:33:29.881438 [INFO] Getting author stats for Alisson Peres
2025-09-18 11:33:29.878907 [INFO] Stats obtained: {'commits': 5, 'insertions': 1420, 'deletions': 2, 'lines': 1422, 'files': 28}
2025-09-18 11:33:29.165634 [INFO] Getting author stats for i-cassi
2025-09-18 11:33:29.162986 [INFO] Stats obtained: {'commits': 490, 'insertions': 257419, 'deletions': 191661, 'lines': 449080, 'files': 3648}
2025-09-18 11:32:34.653213 [INFO] Getting author stats for Andrea Chiastra
2025-09-18 11:32:34.649895 [INFO] Author list: {'Andrea Chiastra', 'i-cassi', 'Alisson Peres', 'ianselmi', 'Roberto Isca', 'Davender Singh Dhillon', 'Davide Manuto', 'rporcari', 'TFVC Import', 'Marco Alessi', 'Luca Bersiga', 'Davirap', 'Gabriel Devoto', 'Ruggero Ghelfi', 'Davide Grasselli', 'Antoine Aubry', 'Alberto Dallagiacoma', 'DennisTurco', 'Thom', 'Dennis Turco', 'Matteo Marenghi', 'Marco De Vita', 'ldamico7', 'Silvia Balzani', 'Ivan Anselmi'}
2025-09-18 11:32:34.199275 [INFO] Getting authors list
2025-09-18 11:32:34.195847 [INFO] Program started
2025-09-18 11:31:29.639494 [INFO] totals obtained: name: TOTAL, commits: 33, insertions: 139679, deletions: 78812, lines: 218491, files: 834
2025-09-18 11:31:29.636454 [INFO] Getting totals stats
2025-09-18 11:31:29.631645 [INFO] Stats obtained: {'commits': 1, 'insertions': 120, 'deletions': 112, 'lines': 232, 'files': 13}
2025-09-18 11:31:29.356607 [INFO] Getting author stats for Alisson Peres
2025-09-18 11:31:29.352940 [INFO] Stats obtained: {'commits': 32, 'insertions': 139559, 'deletions': 78700, 'lines': 218259, 'files': 821}
2025-09-18 11:31:25.087604 [INFO] Getting author stats for Marco Alessi
2025-09-18 11:31:25.084599 [INFO] Author list: {'Marco Alessi', 'Alisson Peres', 'Gabriel Devoto', 'Davide Manuto', 'DennisTurco', 'Alberto Dallagiacoma', 'Thom', 'Dennis Turco', 'Marco De Vita', 'i-cassi', 'Andrea Chiastra', 'ldamico7', 'Matteo Marenghi', 'Davender Singh Dhillon', 'TFVC Import', 'ianselmi', 'Davide Grasselli', 'rporcari', 'Davirap', 'Antoine Aubry', 'Ivan Anselmi', 'Silvia Balzani', 'Ruggero Ghelfi', 'Luca Bersiga', 'Roberto Isca'}
2025-09-18 11:31:24.619835 [INFO] Getting authors list
2025-09-18 11:31:24.610674 [INFO] Program started
2025-09-18 11:30:37.291500 [INFO] totals obtained: name: TOTAL, commits: 21, insertions: 8378, deletions: 3224, lines: 11602, files: 154
2025-09-18 11:30:37.287863 [INFO] Getting totals stats
2025-09-18 11:30:37.285024 [INFO] Stats obtained: {'commits': 3, 'insertions': 6159, 'deletions': 2922, 'lines': 9081, 'files': 16}
2025-09-18 11:30:36.783913 [INFO] Getting author stats for rporcari
2025-09-18 11:30:36.780601 [INFO] Stats obtained: {'commits': 18, 'insertions': 2219, 'deletions': 302, 'lines': 2521, 'files': 138}
2025-09-18 11:30:34.290028 [INFO] Getting author stats for Davide Grasselli
2025-09-18 11:30:34.286807 [INFO] Author list: {'Davide Grasselli', 'rporcari', 'Marco Alessi', 'Luca Bersiga', 'Roberto Isca', 'Alberto Dallagiacoma', 'Matteo Marenghi', 'Marco De Vita', 'Antoine Aubry', 'TFVC Import', 'Davender Singh Dhillon', 'ldamico7', 'Alisson Peres', 'Gabriel Devoto', 'Ivan Anselmi', 'DennisTurco', 'Dennis Turco', 'Davide Manuto', 'Thom', 'Andrea Chiastra', 'Ruggero Ghelfi', 'i-cassi', 'ianselmi', 'Silvia Balzani', 'Davirap'}
2025-09-18 11:30:33.817506 [INFO] Getting authors list
2025-09-18 11:30:33.806823 [INFO] Program started
2025-09-18 11:29:27.383371 [INFO] totals obtained: name: TOTAL, commits: 745, insertions: 917149, deletions: 240802, lines: 1157951, files: 6128
2025-09-18 11:29:27.379854 [INFO] Getting totals stats
2025-09-18 11:29:27.375842 [INFO] Stats obtained: {'commits': 490, 'insertions': 257419, 'deletions': 191661, 'lines': 449080, 'files': 3648}
2025-09-18 11:28:24.054827 [INFO] Getting author stats for Andrea Chiastra
2025-09-18 11:28:24.051397 [INFO] Stats obtained: {'commits': 202, 'insertions': 619030, 'deletions': 19513, 'lines': 638543, 'files': 1585}
2025-09-18 11:28:00.808918 [INFO] Getting author stats for Dennis Turco
2025-09-18 11:28:00.803198 [INFO] Stats obtained: {'commits': 53, 'insertions': 40700, 'deletions': 29628, 'lines': 70328, 'files': 895}
2025-09-18 11:27:54.386627 [INFO] Getting author stats for Matteo Marenghi
2025-09-18 11:27:54.383043 [INFO] Author list: {'Matteo Marenghi', 'Dennis Turco', 'Andrea Chiastra', 'Silvia Balzani', 'Marco Alessi', 'Davide Manuto', 'ianselmi', 'DennisTurco', 'Ivan Anselmi', 'Alberto Dallagiacoma', 'Gabriel Devoto', 'rporcari', 'Thom', 'Roberto Isca', 'Alisson Peres', 'ldamico7', 'Luca Bersiga', 'Davirap', 'Ruggero Ghelfi', 'Marco De Vita', 'Davender Singh Dhillon', 'Davide Grasselli', 'TFVC Import', 'Antoine Aubry', 'i-cassi'}
2025-09-18 11:27:53.888039 [INFO] Getting authors list
2025-09-18 11:27:53.884529 [INFO] Program started
2025-09-18 11:26:24.359939 [INFO] totals obtained: name: TOTAL, commits: 499, insertions: 1572420, deletions: 355818, lines: 1928238, files: 5296
2025-09-18 11:26:24.355899 [INFO] Getting totals stats
2025-09-18 11:26:24.353124 [INFO] Stats obtained: {'commits': 202, 'insertions': 619030, 'deletions': 19513, 'lines': 638543, 'files': 1585}
2025-09-18 11:25:59.736069 [INFO] Getting author stats for Dennis Turco
2025-09-18 11:25:59.728154 [INFO] Stats obtained: {'commits': 32, 'insertions': 139559, 'deletions': 78700, 'lines': 218259, 'files': 821}
2025-09-18 11:25:55.576328 [INFO] Getting author stats for Marco Alessi
2025-09-18 11:25:55.573949 [INFO] Stats obtained: {'commits': 265, 'insertions': 813831, 'deletions': 257605, 'lines': 1071436, 'files': 2890}
2025-09-18 11:25:24.272930 [INFO] Getting author stats for DennisTurco
2025-09-18 11:25:24.269559 [INFO] Author list: {'DennisTurco', 'Marco Alessi', 'Dennis Turco', 'Antoine Aubry', 'Alberto Dallagiacoma', 'TFVC Import', 'rporcari', 'Marco De Vita', 'Davide Manuto', 'Ruggero Ghelfi', 'Ivan Anselmi', 'Silvia Balzani', 'Thom', 'Davirap', 'Andrea Chiastra', 'Roberto Isca', 'Matteo Marenghi', 'Luca Bersiga', 'Gabriel Devoto', 'Davender Singh Dhillon', 'i-cassi', 'ldamico7', 'ianselmi', 'Alisson Peres', 'Davide Grasselli'}
2025-09-18 11:25:23.841225 [INFO] Getting authors list
2025-09-18 11:25:23.836126 [INFO] Program started
2025-09-18 11:09:13.116984 [INFO] Stats obtained: {'commits': 120, 'insertions': 91189, 'deletions': 90414, 'lines': 181603, 'files': 1697}
2025-09-18 11:08:59.634264 [INFO] Getting author stats for Antoine Aubry
2025-09-18 11:08:59.631819 [INFO] Stats obtained: {'commits': 32, 'insertions': 139559, 'deletions': 78700, 'lines': 218259, 'files': 821}
2025-09-18 11:08:55.749566 [INFO] Getting author stats for Marco Alessi
2025-09-18 11:08:55.746724 [INFO] Stats obtained: {'commits': 24, 'insertions': 23381, 'deletions': 621, 'lines': 24002, 'files': 157}
2025-09-18 11:08:52.066165 [INFO] Getting author stats for Roberto Isca
2025-09-18 11:08:52.063851 [INFO] Author list: {'Roberto Isca', 'Marco Alessi', 'Antoine Aubry', 'Davender Singh Dhillon', 'i-cassi', 'Luca Bersiga', 'Marco De Vita', 'Gabriel Devoto', 'Alisson Peres', 'Davirap', 'Davide Manuto', 'rporcari', 'Silvia Balzani', 'Alberto Dallagiacoma', 'Ruggero Ghelfi', 'DennisTurco', 'ianselmi', 'Andrea Chiastra', 'Dennis Turco', 'Thom', 'Ivan Anselmi', 'Davide Grasselli', 'Matteo Marenghi', 'ldamico7', 'TFVC Import'}
2025-09-18 11:08:51.607502 [INFO] Getting authors list
2025-09-18 11:08:51.604142 [INFO] Program started
2025-09-18 11:05:16.292605 [INFO] Stats obtained: {'commits': 490, 'insertions': 257419, 'deletions': 191661, 'lines': 449080, 'files': 3648}
2025-09-18 11:04:18.074968 [INFO] Getting author stats for Andrea Chiastra
2025-09-18 11:04:18.071634 [INFO] Stats obtained: {'commits': 3, 'insertions': 6159, 'deletions': 2922, 'lines': 9081, 'files': 16}
2025-09-18 11:04:17.626060 [INFO] Getting author stats for rporcari
2025-09-18 11:04:17.623662 [INFO] Stats obtained: {'commits': 18, 'insertions': 18440, 'deletions': 411, 'lines': 18851, 'files': 231}
2025-09-18 11:04:15.465202 [INFO] Getting author stats for Silvia Balzani
2025-09-18 11:04:15.463143 [INFO] Author list: {'rporcari', 'Andrea Chiastra', 'Silvia Balzani', 'i-cassi', 'Matteo Marenghi', 'TFVC Import', 'Davirap', 'Davender Singh Dhillon', 'Marco Alessi', 'Marco De Vita', 'Ruggero Ghelfi', 'Antoine Aubry', 'Ivan Anselmi', 'ldamico7', 'Alisson Peres', 'Dennis Turco', 'Roberto Isca', 'DennisTurco', 'Thom', 'ianselmi', 'Alberto Dallagiacoma', 'Davide Manuto', 'Davide Grasselli', 'Luca Bersiga', 'Gabriel Devoto'}
2025-09-18 11:04:15.066696 [INFO] Getting authors list
2025-09-18 11:04:15.062331 [INFO] Program started
2025-09-18 11:01:21.189671 [INFO] Stats obtained: {'commits': 2, 'insertions': 738, 'deletions': 74, 'lines': 812, 'files': 47}
2025-09-18 11:01:20.780865 [INFO] Getting author stats for Davender Singh Dhillon
2025-09-18 11:01:20.778540 [INFO] Stats obtained: {'commits': 5, 'insertions': 1420, 'deletions': 2, 'lines': 1422, 'files': 28}
2025-09-18 11:01:20.106808 [INFO] Getting author stats for i-cassi
2025-09-18 11:01:20.102683 [INFO] Stats obtained: {'commits': 4, 'insertions': 388, 'deletions': 123, 'lines': 511, 'files': 6}
2025-09-18 11:01:19.550990 [INFO] Getting author stats for Luca Bersiga
2025-09-18 11:01:19.548853 [INFO] Author list: {'Davender Singh Dhillon', 'Luca Bersiga', 'i-cassi', 'Silvia Balzani', 'Ivan Anselmi', 'Ruggero Ghelfi', 'Marco Alessi', 'Antoine Aubry', 'Alberto Dallagiacoma', 'Dennis Turco', 'Alisson Peres', 'Andrea Chiastra', 'DennisTurco', 'rporcari', 'Davirap', 'ldamico7', 'TFVC Import', 'Roberto Isca', 'Marco De Vita', 'Thom', 'Davide Manuto', 'Matteo Marenghi', 'ianselmi', 'Davide Grasselli', 'Gabriel Devoto'}
2025-09-18 11:01:19.141408 [INFO] Getting authors list
2025-09-18 11:01:19.133917 [INFO] Program started
2025-09-18 10:59:39.113920 [INFO] Stats obtained: {'commits': 100, 'insertions': 28192, 'deletions': 3059, 'lines': 31251, 'files': 612}
2025-09-18 10:59:26.926217 [INFO] Getting author stats for ldamico7
2025-09-18 10:59:26.923078 [INFO] Stats obtained: {'commits': 19, 'insertions': 1141, 'deletions': 517, 'lines': 1658, 'files': 79}
2025-09-18 10:59:24.378717 [INFO] Getting author stats for ianselmi
2025-09-18 10:59:24.376366 [INFO] Stats obtained: {'commits': 202, 'insertions': 619030, 'deletions': 19513, 'lines': 638543, 'files': 1585}
2025-09-18 10:59:00.642492 [INFO] Getting author stats for Dennis Turco
2025-09-18 10:59:00.640589 [INFO] Author list: {'ianselmi', 'Dennis Turco', 'ldamico7', 'Andrea Chiastra', 'Matteo Marenghi', 'Davide Manuto', 'TFVC Import', 'Luca Bersiga', 'Gabriel Devoto', 'Ruggero Ghelfi', 'Antoine Aubry', 'DennisTurco', 'Marco De Vita', 'Ivan Anselmi', 'Davender Singh Dhillon', 'Thom', 'Marco Alessi', 'Roberto Isca', 'Davide Grasselli', 'Alberto Dallagiacoma', 'Alisson Peres', 'rporcari', 'i-cassi', 'Davirap', 'Silvia Balzani'}
2025-09-18 10:59:00.225007 [INFO] Getting authors list
2025-09-18 10:59:00.222016 [INFO] Program started
2025-09-18 10:58:02.198777 [INFO] Stats obtained: {'commits': 120, 'insertions': 91189, 'deletions': 90414, 'lines': 181603, 'files': 1697}
2025-09-18 10:57:47.019994 [INFO] Getting author stats for Antoine Aubry
2025-09-18 10:57:47.018052 [INFO] Stats obtained: {'commits': 1, 'insertions': 94, 'deletions': 61, 'lines': 155, 'files': 2}
2025-09-18 10:57:46.788770 [INFO] Getting author stats for Thom
2025-09-18 10:57:46.786771 [INFO] Stats obtained: {'commits': 9, 'insertions': 1979611, 'deletions': 0, 'lines': 1979611, 'files': 6414}
2025-09-18 10:57:44.948826 [INFO] Getting author stats for TFVC Import
2025-09-18 10:57:44.946722 [INFO] Author list: {'TFVC Import', 'Antoine Aubry', 'Thom', 'Gabriel Devoto', 'Davirap', 'Marco Alessi', 'Ivan Anselmi', 'Marco De Vita', 'Andrea Chiastra', 'Silvia Balzani', 'Ruggero Ghelfi', 'i-cassi', 'Davender Singh Dhillon', 'Davide Manuto', 'Alisson Peres', 'DennisTurco', 'Dennis Turco', 'ldamico7', 'rporcari', 'Roberto Isca', 'Matteo Marenghi', 'ianselmi', 'Davide Grasselli', 'Luca Bersiga', 'Alberto Dallagiacoma'}
2025-09-18 10:57:44.502637 [INFO] Getting authors list
2025-09-18 10:57:44.499385 [INFO] Program started
2025-09-18 10:47:24.945086 [INFO] Stats obtained: {'commits': 4, 'insertions': 627, 'deletions': 207, 'lines': 834, 'files': 49}
2025-09-18 10:47:24.280305 [INFO] Getting author stats for Ivan Anselmi
2025-09-18 10:47:24.276233 [INFO] Stats obtained: {'commits': 9, 'insertions': 1979611, 'deletions': 0, 'lines': 1979611, 'files': 6414}
2025-09-18 10:47:22.188828 [INFO] Getting author stats for TFVC Import
2025-09-18 10:47:22.186370 [INFO] Stats obtained: {'commits': 3, 'insertions': 6159, 'deletions': 2922, 'lines': 9081, 'files': 16}
2025-09-18 10:47:21.707508 [INFO] Getting author stats for rporcari
2025-09-18 10:47:21.704672 [INFO] Stats obtained: {'commits': 2, 'insertions': 738, 'deletions': 74, 'lines': 812, 'files': 47}
2025-09-18 10:47:21.282974 [INFO] Getting author stats for Davender Singh Dhillon
2025-09-18 10:47:21.279865 [INFO] Stats obtained: {'commits': 120, 'insertions': 91189, 'deletions': 90414, 'lines': 181603, 'files': 1697}
2025-09-18 10:47:04.178978 [INFO] Getting author stats for Antoine Aubry
2025-09-18 10:47:04.175933 [INFO] Stats obtained: {'commits': 19, 'insertions': 1141, 'deletions': 517, 'lines': 1658, 'files': 79}
2025-09-18 10:47:01.592411 [INFO] Getting author stats for ianselmi
2025-09-18 10:47:01.590435 [INFO] Stats obtained: {'commits': 100, 'insertions': 28192, 'deletions': 3059, 'lines': 31251, 'files': 612}
2025-09-18 10:46:48.028834 [INFO] Getting author stats for ldamico7
2025-09-18 10:46:48.024374 [INFO] Stats obtained: {'commits': 24, 'insertions': 23381, 'deletions': 621, 'lines': 24002, 'files': 157}
2025-09-18 10:46:44.670873 [INFO] Getting author stats for Roberto Isca
2025-09-18 10:46:44.667698 [INFO] Stats obtained: {'commits': 1, 'insertions': 94, 'deletions': 61, 'lines': 155, 'files': 2}
2025-09-18 10:46:44.375639 [INFO] Getting author stats for Thom
2025-09-18 10:46:44.373871 [INFO] Stats obtained: {'commits': 18, 'insertions': 2219, 'deletions': 302, 'lines': 2521, 'files': 138}
2025-09-18 10:46:41.878230 [INFO] Getting author stats for Davide Grasselli
2025-09-18 10:46:41.875553 [INFO] Stats obtained: {'commits': 202, 'insertions': 619030, 'deletions': 19513, 'lines': 638543, 'files': 1585}
2025-09-18 10:46:16.290678 [INFO] Getting author stats for Dennis Turco
2025-09-18 10:46:16.287657 [INFO] Stats obtained: {'commits': 53, 'insertions': 40700, 'deletions': 29628, 'lines': 70328, 'files': 895}
2025-09-18 10:46:09.219808 [INFO] Getting author stats for Matteo Marenghi
2025-09-18 10:46:09.216322 [INFO] Stats obtained: {'commits': 50, 'insertions': 2703448, 'deletions': 2160615, 'lines': 4864063, 'files': 22970}
2025-09-18 10:45:58.506611 [INFO] Getting author stats for Alberto Dallagiacoma
2025-09-18 10:45:58.502756 [INFO] Stats obtained: {'commits': 4, 'insertions': 388, 'deletions': 123, 'lines': 511, 'files': 6}
2025-09-18 10:45:57.878687 [INFO] Getting author stats for Luca Bersiga
2025-09-18 10:45:57.876558 [INFO] Stats obtained: {'commits': 6, 'insertions': 604, 'deletions': 444, 'lines': 1048, 'files': 14}
2025-09-18 10:45:56.766426 [INFO] Getting author stats for Marco De Vita
2025-09-18 10:45:56.763841 [INFO] Stats obtained: {'commits': 18, 'insertions': 18440, 'deletions': 411, 'lines': 18851, 'files': 231}
2025-09-18 10:45:53.988473 [INFO] Getting author stats for Silvia Balzani
2025-09-18 10:45:53.985049 [INFO] Stats obtained: {'commits': 1, 'insertions': 1027, 'deletions': 38, 'lines': 1065, 'files': 64}
2025-09-18 10:45:53.676475 [INFO] Getting author stats for Ruggero Ghelfi
2025-09-18 10:45:53.673786 [INFO] Stats obtained: {'commits': 1, 'insertions': 2319, 'deletions': 20, 'lines': 2339, 'files': 32}
2025-09-18 10:45:53.335625 [INFO] Getting author stats for Gabriel Devoto
2025-09-18 10:45:53.330881 [INFO] Stats obtained: {'commits': 32, 'insertions': 139559, 'deletions': 78700, 'lines': 218259, 'files': 821}
2025-09-18 10:45:48.011794 [INFO] Getting author stats for Marco Alessi
2025-09-18 10:45:48.008618 [INFO] Stats obtained: {'commits': 31, 'insertions': 10821, 'deletions': 2889, 'lines': 13710, 'files': 200}
2025-09-18 10:45:43.820435 [INFO] Getting author stats for Davirap
2025-09-18 10:45:43.817895 [INFO] Stats obtained: {'commits': 265, 'insertions': 813831, 'deletions': 257605, 'lines': 1071436, 'files': 2890}
2025-09-18 10:45:08.697351 [INFO] Getting author stats for DennisTurco
2025-09-18 10:45:08.694823 [INFO] Stats obtained: {'commits': 490, 'insertions': 257419, 'deletions': 191661, 'lines': 449080, 'files': 3648}
2025-09-18 10:44:12.194537 [INFO] Getting author stats for Andrea Chiastra
2025-09-18 10:44:12.192260 [INFO] Stats obtained: {'commits': 5, 'insertions': 1420, 'deletions': 2, 'lines': 1422, 'files': 28}
2025-09-18 10:44:11.544259 [INFO] Getting author stats for i-cassi
2025-09-18 10:44:11.542105 [INFO] Stats obtained: {'commits': 23, 'insertions': 6903, 'deletions': 2814, 'lines': 9717, 'files': 372}
2025-09-18 10:44:08.675019 [INFO] Getting author stats for Davide Manuto
2025-09-18 10:44:08.672183 [INFO] Stats obtained: {'commits': 1, 'insertions': 120, 'deletions': 112, 'lines': 232, 'files': 13}
2025-09-18 10:44:08.426625 [INFO] Getting author stats for Alisson Peres
2025-09-18 10:44:08.424817 [INFO] Author list: {'Alisson Peres', 'Davide Manuto', 'i-cassi', 'Andrea Chiastra', 'DennisTurco', 'Davirap', 'Marco Alessi', 'Gabriel Devoto', 'Ruggero Ghelfi', 'Silvia Balzani', 'Marco De Vita', 'Luca Bersiga', 'Alberto Dallagiacoma', 'Matteo Marenghi', 'Dennis Turco', 'Davide Grasselli', 'Thom', 'Roberto Isca', 'ldamico7', 'ianselmi', 'Antoine Aubry', 'Davender Singh Dhillon', 'rporcari', 'TFVC Import', 'Ivan Anselmi'}
2025-09-18 10:44:08.009903 [INFO] Getting authors list
2025-09-18 10:44:08.007198 [INFO] Program started
2025-09-18 10:41:39.145093 [INFO] Stats obtained: {'commits': 1, 'insertions': 94, 'deletions': 61, 'lines': 155, 'files': 2}
2025-09-18 10:41:38.856249 [INFO] Getting author stats for Thom
2025-09-18 10:41:38.853219 [INFO] Stats obtained: {'commits': 202, 'insertions': 619030, 'deletions': 19513, 'lines': 638543, 'files': 1585}
2025-09-18 10:41:13.339100 [INFO] Getting author stats for Dennis Turco
2025-09-18 10:41:13.337032 [INFO] Stats obtained: {'commits': 1, 'insertions': 120, 'deletions': 112, 'lines': 232, 'files': 13}
2025-09-18 10:41:13.027624 [INFO] Getting author stats for Alisson Peres
2025-09-18 10:41:13.025436 [INFO] Stats obtained: {'commits': 265, 'insertions': 813831, 'deletions': 257605, 'lines': 1071436, 'files': 2890}
2025-09-18 10:40:38.277523 [INFO] Getting author stats for DennisTurco
2025-09-18 10:40:38.275920 [INFO] Stats obtained: {'commits': 18, 'insertions': 18440, 'deletions': 411, 'lines': 18851, 'files': 231}
2025-09-18 10:40:35.815392 [INFO] Getting author stats for Silvia Balzani
2025-09-18 10:40:35.813816 [INFO] Stats obtained: {'commits': 5, 'insertions': 1420, 'deletions': 2, 'lines': 1422, 'files': 28}
2025-09-18 10:40:35.049549 [INFO] Getting author stats for i-cassi
2025-09-18 10:40:35.046798 [INFO] Stats obtained: {'commits': 18, 'insertions': 2219, 'deletions': 302, 'lines': 2521, 'files': 138}
2025-09-18 10:40:32.596852 [INFO] Getting author stats for Davide Grasselli
2025-09-18 10:40:32.593757 [INFO] Stats obtained: {'commits': 1, 'insertions': 2319, 'deletions': 20, 'lines': 2339, 'files': 32}
2025-09-18 10:40:32.298495 [INFO] Getting author stats for Gabriel Devoto
2025-09-18 10:40:32.296094 [INFO] Stats obtained: {'commits': 50, 'insertions': 2703448, 'deletions': 2160615, 'lines': 4864063, 'files': 22970}
2025-09-18 10:40:22.905097 [INFO] Getting author stats for Alberto Dallagiacoma
2025-09-18 10:40:22.902990 [INFO] Stats obtained: {'commits': 3, 'insertions': 6159, 'deletions': 2922, 'lines': 9081, 'files': 16}
2025-09-18 10:40:22.352797 [INFO] Getting author stats for rporcari
2025-09-18 10:40:22.349797 [INFO] Stats obtained: {'commits': 6, 'insertions': 604, 'deletions': 444, 'lines': 1048, 'files': 14}
2025-09-18 10:40:21.337344 [INFO] Getting author stats for Marco De Vita
2025-09-18 10:40:21.334985 [INFO] Stats obtained: {'commits': 1, 'insertions': 1027, 'deletions': 38, 'lines': 1065, 'files': 64}
2025-09-18 10:40:21.052492 [INFO] Getting author stats for Ruggero Ghelfi
2025-09-18 10:40:21.049308 [INFO] Stats obtained: {'commits': 490, 'insertions': 257419, 'deletions': 191661, 'lines': 449080, 'files': 3648}
2025-09-18 10:39:18.076240 [INFO] Getting author stats for Andrea Chiastra
2025-09-18 10:39:18.074360 [INFO] Stats obtained: {'commits': 100, 'insertions': 28192, 'deletions': 3059, 'lines': 31251, 'files': 612}
2025-09-18 10:39:04.755275 [INFO] Getting author stats for ldamico7
2025-09-18 10:39:04.751249 [INFO] Stats obtained: {'commits': 120, 'insertions': 91189, 'deletions': 90414, 'lines': 181603, 'files': 1697}
2025-09-18 10:38:49.054467 [INFO] Getting author stats for Antoine Aubry
2025-09-18 10:38:49.052425 [INFO] Stats obtained: {'commits': 24, 'insertions': 23381, 'deletions': 621, 'lines': 24002, 'files': 157}
2025-09-18 10:38:45.926526 [INFO] Getting author stats for Roberto Isca
2025-09-18 10:38:45.923828 [INFO] Stats obtained: {'commits': 32, 'insertions': 139559, 'deletions': 78700, 'lines': 218259, 'files': 821}
2025-09-18 10:38:41.862450 [INFO] Getting author stats for Marco Alessi
2025-09-18 10:38:41.860600 [INFO] Stats obtained: {'commits': 4, 'insertions': 388, 'deletions': 123, 'lines': 511, 'files': 6}
2025-09-18 10:38:41.269444 [INFO] Getting author stats for Luca Bersiga
2025-09-18 10:38:41.267721 [INFO] Stats obtained: {'commits': 9, 'insertions': 1979611, 'deletions': 0, 'lines': 1979611, 'files': 6414}
2025-09-18 10:38:39.232430 [INFO] Getting author stats for TFVC Import
2025-09-18 10:38:39.229606 [INFO] Stats obtained: {'commits': 19, 'insertions': 1141, 'deletions': 517, 'lines': 1658, 'files': 79}
2025-09-18 10:38:36.849108 [INFO] Getting author stats for ianselmi
2025-09-18 10:38:36.846996 [INFO] Stats obtained: {'commits': 2, 'insertions': 738, 'deletions': 74, 'lines': 812, 'files': 47}
2025-09-18 10:38:36.468124 [INFO] Getting author stats for Davender Singh Dhillon
2025-09-18 10:38:36.465956 [INFO] Stats obtained: {'commits': 53, 'insertions': 40700, 'deletions': 29628, 'lines': 70328, 'files': 895}
2025-09-18 10:38:30.391489 [INFO] Getting author stats for Matteo Marenghi
2025-09-18 10:38:30.389313 [INFO] Stats obtained: {'commits': 31, 'insertions': 10821, 'deletions': 2889, 'lines': 13710, 'files': 200}
2025-09-18 10:38:26.704381 [INFO] Getting author stats for Davirap
2025-09-18 10:38:26.702448 [INFO] Stats obtained: {'commits': 23, 'insertions': 6903, 'deletions': 2814, 'lines': 9717, 'files': 372}
2025-09-18 10:38:23.703935 [INFO] Getting author stats for Davide Manuto
2025-09-18 10:38:23.702102 [INFO] Stats obtained: {'commits': 4, 'insertions': 627, 'deletions': 207, 'lines': 834, 'files': 49}
2025-09-18 10:38:23.053996 [INFO] Getting author stats for Ivan Anselmi
2025-09-18 10:38:23.051980 [INFO] Author list: {'Ivan Anselmi', 'Davide Manuto', 'Davirap', 'Matteo Marenghi', 'Davender Singh Dhillon', 'ianselmi', 'TFVC Import', 'Luca Bersiga', 'Marco Alessi', 'Roberto Isca', 'Antoine Aubry', 'ldamico7', 'Andrea Chiastra', 'Ruggero Ghelfi', 'Marco De Vita', 'rporcari', 'Alberto Dallagiacoma', 'Gabriel Devoto', 'Davide Grasselli', 'i-cassi', 'Silvia Balzani', 'DennisTurco', 'Alisson Peres', 'Dennis Turco', 'Thom'}
2025-09-18 10:38:22.584812 [INFO] Getting authors list
2025-09-18 10:38:22.582162 [INFO] Program started
2025-09-18 10:35:40.609284 [INFO] Stats obtained: {'commits': 50, 'insertions': 2703448, 'deletions': 2160615, 'lines': 4864063, 'files': 22970}
2025-09-18 10:35:31.366895 [INFO] Getting author stats for Alberto Dallagiacoma
2025-09-18 10:35:31.363320 [INFO] Stats obtained: {'commits': 4, 'insertions': 627, 'deletions': 207, 'lines': 834, 'files': 49}
2025-09-18 10:35:30.628147 [INFO] Getting author stats for Ivan Anselmi
2025-09-18 10:35:30.625863 [INFO] Stats obtained: {'commits': 2, 'insertions': 738, 'deletions': 74, 'lines': 812, 'files': 47}
2025-09-18 10:35:30.239621 [INFO] Getting author stats for Davender Singh Dhillon
2025-09-18 10:35:30.237711 [INFO] Stats obtained: {'commits': 31, 'insertions': 10821, 'deletions': 2889, 'lines': 13710, 'files': 200}
2025-09-18 10:35:26.130137 [INFO] Getting author stats for Davirap
2025-09-18 10:35:26.128067 [INFO] Stats obtained: {'commits': 24, 'insertions': 23381, 'deletions': 621, 'lines': 24002, 'files': 157}
2025-09-18 10:35:22.878100 [INFO] Getting author stats for Roberto Isca
2025-09-18 10:35:22.875789 [INFO] Stats obtained: {'commits': 100, 'insertions': 28192, 'deletions': 3059, 'lines': 31251, 'files': 612}
2025-09-18 10:35:09.874023 [INFO] Getting author stats for ldamico7
2025-09-18 10:35:09.872225 [INFO] Stats obtained: {'commits': 18, 'insertions': 2219, 'deletions': 302, 'lines': 2521, 'files': 138}
2025-09-18 10:35:07.331276 [INFO] Getting author stats for Davide Grasselli
2025-09-18 10:35:07.328950 [INFO] Stats obtained: {'commits': 202, 'insertions': 619030, 'deletions': 19513, 'lines': 638543, 'files': 1585}
2025-09-18 10:34:41.505194 [INFO] Getting author stats for Dennis Turco
2025-09-18 10:34:41.503557 [INFO] Stats obtained: {'commits': 32, 'insertions': 139559, 'deletions': 78700, 'lines': 218259, 'files': 821}
2025-09-18 10:34:37.263501 [INFO] Getting author stats for Marco Alessi
2025-09-18 10:34:37.261916 [INFO] Stats obtained: {'commits': 23, 'insertions': 6903, 'deletions': 2814, 'lines': 9717, 'files': 372}
2025-09-18 10:34:34.118116 [INFO] Getting author stats for Davide Manuto
2025-09-18 10:34:34.115711 [INFO] Stats obtained: {'commits': 53, 'insertions': 40700, 'deletions': 29628, 'lines': 70328, 'files': 895}
2025-09-18 10:34:26.110559 [INFO] Getting author stats for Matteo Marenghi
2025-09-18 10:34:26.107980 [INFO] Stats obtained: {'commits': 1, 'insertions': 2319, 'deletions': 20, 'lines': 2339, 'files': 32}
2025-09-18 10:34:25.774777 [INFO] Getting author stats for Gabriel Devoto
2025-09-18 10:34:25.772374 [INFO] Stats obtained: {'commits': 19, 'insertions': 1141, 'deletions': 517, 'lines': 1658, 'files': 79}
2025-09-18 10:34:22.993246 [INFO] Getting author stats for ianselmi
2025-09-18 10:34:22.990696 [INFO] Stats obtained: {'commits': 1, 'insertions': 94, 'deletions': 61, 'lines': 155, 'files': 2}
2025-09-18 10:34:22.732507 [INFO] Getting author stats for Thom
2025-09-18 10:34:22.731144 [INFO] Stats obtained: {'commits': 4, 'insertions': 388, 'deletions': 123, 'lines': 511, 'files': 6}
2025-09-18 10:34:22.104041 [INFO] Getting author stats for Luca Bersiga
2025-09-18 10:34:22.102574 [INFO] Stats obtained: {'commits': 265, 'insertions': 813831, 'deletions': 257605, 'lines': 1071436, 'files': 2890}
2025-09-18 10:33:49.801577 [INFO] Getting author stats for DennisTurco
2025-09-18 10:33:49.799870 [INFO] Stats obtained: {'commits': 6, 'insertions': 604, 'deletions': 444, 'lines': 1048, 'files': 14}
2025-09-18 10:33:48.720317 [INFO] Getting author stats for Marco De Vita
2025-09-18 10:33:48.717945 [INFO] Stats obtained: {'commits': 5, 'insertions': 1420, 'deletions': 2, 'lines': 1422, 'files': 28}
2025-09-18 10:33:47.908600 [INFO] Getting author stats for i-cassi
2025-09-18 10:33:47.906674 [INFO] Stats obtained: {'commits': 9, 'insertions': 1979611, 'deletions': 0, 'lines': 1979611, 'files': 6414}
2025-09-18 10:33:45.816445 [INFO] Getting author stats for TFVC Import
2025-09-18 10:33:45.814374 [INFO] Stats obtained: {'commits': 120, 'insertions': 91189, 'deletions': 90414, 'lines': 181603, 'files': 1697}
2025-09-18 10:33:31.485489 [INFO] Getting author stats for Antoine Aubry
2025-09-18 10:33:31.482942 [INFO] Stats obtained: {'commits': 1, 'insertions': 1027, 'deletions': 38, 'lines': 1065, 'files': 64}
2025-09-18 10:33:31.213281 [INFO] Getting author stats for Ruggero Ghelfi
2025-09-18 10:33:31.210752 [INFO] Stats obtained: {'commits': 3, 'insertions': 6159, 'deletions': 2922, 'lines': 9081, 'files': 16}
2025-09-18 10:33:30.744837 [INFO] Getting author stats for rporcari
2025-09-18 10:33:30.742190 [INFO] Stats obtained: {'commits': 1, 'insertions': 120, 'deletions': 112, 'lines': 232, 'files': 13}
2025-09-18 10:33:30.494608 [INFO] Getting author stats for Alisson Peres
2025-09-18 10:33:30.492743 [INFO] Stats obtained: {'commits': 18, 'insertions': 18440, 'deletions': 411, 'lines': 18851, 'files': 231}
2025-09-18 10:33:28.242333 [INFO] Getting author stats for Silvia Balzani
2025-09-18 10:33:28.240404 [INFO] Stats obtained: {'commits': 490, 'insertions': 257419, 'deletions': 191661, 'lines': 449080, 'files': 3648}
2025-09-18 10:32:32.841523 [INFO] Getting author stats for Andrea Chiastra
2025-09-18 10:32:32.840119 [INFO] Author list: {'Andrea Chiastra', 'Silvia Balzani', 'Alisson Peres', 'rporcari', 'Ruggero Ghelfi', 'Antoine Aubry', 'TFVC Import', 'i-cassi', 'Marco De Vita', 'DennisTurco', 'Luca Bersiga', 'Thom', 'ianselmi', 'Gabriel Devoto', 'Matteo Marenghi', 'Davide Manuto', 'Marco Alessi', 'Dennis Turco', 'Davide Grasselli', 'ldamico7', 'Roberto Isca', 'Davirap', 'Davender Singh Dhillon', 'Ivan Anselmi', 'Alberto Dallagiacoma'}
2025-09-18 10:32:32.459237 [INFO] Getting authors list
2025-09-18 10:32:32.457039 [INFO] Program started
